<?xml version="1.0" encoding="UTF-8"?>
<!-- Generated by org.testng.reporters.JUnitXMLReporter -->
<testsuite hostname="suraj-PC" name="Chrome Test" tests="4" failures="0" timestamp="27 Jun 2020 18:48:27 GMT" time="180.587" errors="0">
  <testcase name="LoginwithValidCredentials" time="35.279" classname="automation.stagetech.testCases.TC001_LoginTestCase"/>
  <testcase name="LoginwithValidCredentials" time="5.331" classname="automation.stagetech.testCases.TC001_LoginTestCase"/>
  <testcase name="LoginwithValidCredentials" time="65.611" classname="automation.stagetech.testCases.TC001_LoginTestCase"/>
  <testcase name="LoginwithValidCredentials" time="35.064" classname="automation.stagetech.testCases.TC001_LoginTestCase"/>
</testsuite> <!-- Chrome Test -->
