<?xml version="1.0" encoding="UTF-8"?>
<testng-results skipped="0" failed="0" total="1" passed="1">
  <reporter-output>
  </reporter-output>
  <suite name="Default suite" duration-ms="16402" started-at="2020-06-19T16:07:52Z" finished-at="2020-06-19T16:08:09Z">
    <groups>
    </groups>
    <test name="Default test" duration-ms="16402" started-at="2020-06-19T16:07:52Z" finished-at="2020-06-19T16:08:09Z">
      <class name="automation.stagetech.testcases.TC001_LoginTestCase">
        <test-method status="PASS" signature="setup()[pri:0, instance:automation.stagetech.testcases.TC001_LoginTestCase@28864e92]" name="setup" is-config="true" duration-ms="11857" started-at="2020-06-19T21:37:52Z" finished-at="2020-06-19T21:38:04Z">
          <reporter-output>
          </reporter-output>
        </test-method> <!-- setup -->
        <test-method status="PASS" signature="LoginwithValidCredentials()[pri:0, instance:automation.stagetech.testcases.TC001_LoginTestCase@28864e92]" name="LoginwithValidCredentials" duration-ms="3769" started-at="2020-06-19T21:38:04Z" finished-at="2020-06-19T21:38:08Z">
          <reporter-output>
          </reporter-output>
        </test-method> <!-- LoginwithValidCredentials -->
        <test-method status="PASS" signature="tearDown()[pri:0, instance:automation.stagetech.testcases.TC001_LoginTestCase@28864e92]" name="tearDown" is-config="true" duration-ms="753" started-at="2020-06-19T21:38:08Z" finished-at="2020-06-19T21:38:09Z">
          <reporter-output>
          </reporter-output>
        </test-method> <!-- tearDown -->
      </class> <!-- automation.stagetech.testcases.TC001_LoginTestCase -->
    </test> <!-- Default test -->
  </suite> <!-- Default suite -->
</testng-results>
