<?xml version="1.0" encoding="UTF-8"?>
<testng-results skipped="0" failed="0" total="1" passed="1">
  <reporter-output>
  </reporter-output>
  <suite name="Default suite" duration-ms="26991" started-at="2020-06-29T12:35:40Z" finished-at="2020-06-29T12:36:07Z">
    <groups>
    </groups>
    <test name="Default test" duration-ms="26991" started-at="2020-06-29T12:35:40Z" finished-at="2020-06-29T12:36:07Z">
      <class name="automation.stagetech.testCases.TC004_CreateWork">
        <test-method status="PASS" signature="setUP()[pri:0, instance:automation.stagetech.testCases.TC004_CreateWork@5a39699c]" name="setUP" is-config="true" duration-ms="11163" started-at="2020-06-29T18:05:40Z" finished-at="2020-06-29T18:05:51Z">
          <reporter-output>
          </reporter-output>
        </test-method> <!-- setUP -->
        <test-method status="PASS" signature="createWork()[pri:0, instance:automation.stagetech.testCases.TC004_CreateWork@5a39699c]" name="createWork" duration-ms="15797" started-at="2020-06-29T18:05:51Z" finished-at="2020-06-29T18:06:07Z">
          <reporter-output>
          </reporter-output>
        </test-method> <!-- createWork -->
        <test-method status="PASS" signature="tearDown()[pri:0, instance:automation.stagetech.testCases.TC004_CreateWork@5a39699c]" name="tearDown" is-config="true" duration-ms="1" started-at="2020-06-29T18:06:07Z" finished-at="2020-06-29T18:06:07Z">
          <reporter-output>
          </reporter-output>
        </test-method> <!-- tearDown -->
      </class> <!-- automation.stagetech.testCases.TC004_CreateWork -->
    </test> <!-- Default test -->
  </suite> <!-- Default suite -->
</testng-results>
