<?xml version="1.0" encoding="UTF-8"?>
<testng-results skipped="0" failed="0" total="1" passed="1">
  <reporter-output>
  </reporter-output>
  <suite name="Default suite" duration-ms="16512" started-at="2020-06-29T15:58:39Z" finished-at="2020-06-29T15:58:55Z">
    <groups>
    </groups>
    <test name="Default test" duration-ms="16512" started-at="2020-06-29T15:58:39Z" finished-at="2020-06-29T15:58:55Z">
      <class name="automation.stagetech.testCases.TC005_Templates">
        <test-method status="PASS" signature="setUP()[pri:0, instance:automation.stagetech.testCases.TC005_Templates@5a39699c]" name="setUP" is-config="true" duration-ms="13000" started-at="2020-06-29T21:28:39Z" finished-at="2020-06-29T21:28:52Z">
          <reporter-output>
          </reporter-output>
        </test-method> <!-- setUP -->
        <test-method status="PASS" signature="checkTemplates()[pri:0, instance:automation.stagetech.testCases.TC005_Templates@5a39699c]" name="checkTemplates" duration-ms="3492" started-at="2020-06-29T21:28:52Z" finished-at="2020-06-29T21:28:55Z">
          <reporter-output>
          </reporter-output>
        </test-method> <!-- checkTemplates -->
        <test-method status="PASS" signature="tearDown()[pri:0, instance:automation.stagetech.testCases.TC005_Templates@5a39699c]" name="tearDown" is-config="true" duration-ms="0" started-at="2020-06-29T21:28:55Z" finished-at="2020-06-29T21:28:55Z">
          <reporter-output>
          </reporter-output>
        </test-method> <!-- tearDown -->
      </class> <!-- automation.stagetech.testCases.TC005_Templates -->
    </test> <!-- Default test -->
  </suite> <!-- Default suite -->
</testng-results>
